<?xml version="1.0" encoding="UTF-8"?>
<!-- Generated by org.testng.reporters.JUnitReportReporter -->
<testsuite hostname="Amar" failures="0" tests="1" name="tests.loginTests" time="9.447" errors="0" timestamp="2024-05-25T23:23:03 IST" skipped="0">
  <testcase classname="tests.loginTests" name="loginWithInvalidCredentials" time="9.447"/>
  <system-out/>
</testsuite> <!-- tests.loginTests -->
